<?xml version="1.0" encoding="UTF-8"?>
<!-- Generated by org.testng.reporters.JUnitXMLReporter -->
<testsuite hostname="NejiKaze" name="Default test" tests="4" failures="0" timestamp="17 Dec 2015 17:07:51 GMT" time="24.647" errors="0">
  <testcase name="testEmptyGroupCreation" time="2.254" classname="com.example.tests.GroupCreationTests"/>
  <testcase name="testNonEmptyGroupCreation" time="2.156" classname="com.example.tests.GroupCreationTests"/>
  <testcase name="testEmptyContactCreation" time="3.84" classname="com.example.tests.ContactCreationTests"/>
  <testcase name="testNonEmptyContactCreation" time="4.049" classname="com.example.tests.ContactCreationTests"/>
</testsuite> <!-- Default test -->
