<?xml version="1.0" encoding="UTF-8"?>
<!-- Generated by org.testng.reporters.JUnitXMLReporter -->
<testsuite hostname="NejiKaze" name="Default test" tests="4" failures="0" timestamp="16 Dec 2015 19:22:02 GMT" time="14.996" errors="0">
  <testcase name="testEmptyGroupCreation" time="1.141" classname="com.example.tests.AlsoGroupCreationTests"/>
  <testcase name="testNonEmptyGroupCreation" time="1.677" classname="com.example.tests.AlsoGroupCreationTests"/>
  <testcase name="testEmptyGroupCreation" time="1.069" classname="com.example.tests.GroupCreationTests"/>
  <testcase name="testNonEmptyGroupCreation" time="1.099" classname="com.example.tests.GroupCreationTests"/>
</testsuite> <!-- Default test -->
